mode: set
github.com/dryaf/headless_cms/cache/memory_cache/memory_cache.go:14.19,16.2 1 1
github.com/dryaf/headless_cms/cache/memory_cache/memory_cache.go:18.71,23.9 4 1
github.com/dryaf/headless_cms/cache/memory_cache/memory_cache.go:23.9,25.3 1 1
github.com/dryaf/headless_cms/cache/memory_cache/memory_cache.go:26.2,27.9 2 1
github.com/dryaf/headless_cms/cache/memory_cache/memory_cache.go:27.9,29.3 1 0
github.com/dryaf/headless_cms/cache/memory_cache/memory_cache.go:30.2,30.24 1 1
github.com/dryaf/headless_cms/cache/memory_cache/memory_cache.go:33.73,39.2 4 1
github.com/dryaf/headless_cms/cache/memory_cache/memory_cache.go:41.61,47.2 4 1
github.com/dryaf/headless_cms/cache/memory_cache/memory_cache.go:49.51,55.2 4 1
github.com/dryaf/headless_cms/cache/redis_cache/redis_cache.go:15.60,23.2 2 1
github.com/dryaf/headless_cms/cache/redis_cache/redis_cache.go:25.98,33.2 2 0
github.com/dryaf/headless_cms/cache/redis_cache/redis_cache.go:35.71,37.22 2 1
github.com/dryaf/headless_cms/cache/redis_cache/redis_cache.go:37.22,39.3 1 1
github.com/dryaf/headless_cms/cache/redis_cache/redis_cache.go:39.8,39.23 1 1
github.com/dryaf/headless_cms/cache/redis_cache/redis_cache.go:39.23,41.3 1 0
github.com/dryaf/headless_cms/cache/redis_cache/redis_cache.go:42.2,42.27 1 1
github.com/dryaf/headless_cms/cache/redis_cache/redis_cache.go:45.75,48.2 2 1
github.com/dryaf/headless_cms/cache/redis_cache/redis_cache.go:50.61,53.2 2 1
github.com/dryaf/headless_cms/cache/redis_cache/redis_cache.go:55.51,57.16 2 1
github.com/dryaf/headless_cms/cache/redis_cache/redis_cache.go:57.16,59.3 1 0
github.com/dryaf/headless_cms/cache/redis_cache/redis_cache.go:60.2,60.19 1 1
github.com/dryaf/headless_cms/cache/redis_cache/redis_cache.go:60.19,62.3 1 1
github.com/dryaf/headless_cms/cache/redis_cache/redis_cache.go:63.2,63.12 1 1
github.com/dryaf/headless_cms/cache/redis_cache/redis_cache.go:15.60,23.2 2 0
github.com/dryaf/headless_cms/cache/redis_cache/redis_cache.go:25.98,33.2 2 0
github.com/dryaf/headless_cms/cache/redis_cache/redis_cache.go:35.71,37.22 2 0
github.com/dryaf/headless_cms/cache/redis_cache/redis_cache.go:37.22,39.3 1 0
github.com/dryaf/headless_cms/cache/redis_cache/redis_cache.go:39.8,39.23 1 0
github.com/dryaf/headless_cms/cache/redis_cache/redis_cache.go:39.23,41.3 1 0
github.com/dryaf/headless_cms/cache/redis_cache/redis_cache.go:42.2,42.27 1 0
github.com/dryaf/headless_cms/cache/redis_cache/redis_cache.go:45.75,48.2 2 0
github.com/dryaf/headless_cms/cache/redis_cache/redis_cache.go:50.61,53.2 2 0
github.com/dryaf/headless_cms/cache/redis_cache/redis_cache.go:55.51,57.16 2 0
github.com/dryaf/headless_cms/cache/redis_cache/redis_cache.go:57.16,59.3 1 0
github.com/dryaf/headless_cms/cache/redis_cache/redis_cache.go:60.2,60.19 1 0
github.com/dryaf/headless_cms/cache/redis_cache/redis_cache.go:60.19,62.3 1 0
github.com/dryaf/headless_cms/cache/redis_cache/redis_cache.go:63.2,63.12 1 0
github.com/dryaf/headless_cms/client/storyblok/client.go:35.113,36.60 1 1
github.com/dryaf/headless_cms/client/storyblok/client.go:36.60,37.111 1 0
github.com/dryaf/headless_cms/client/storyblok/client.go:39.2,48.3 1 1
github.com/dryaf/headless_cms/client/storyblok/client.go:51.33,53.2 1 1
github.com/dryaf/headless_cms/client/storyblok/client.go:55.45,57.2 1 1
github.com/dryaf/headless_cms/client/storyblok/client.go:59.81,60.49 1 1
github.com/dryaf/headless_cms/client/storyblok/client.go:60.49,62.3 1 1
github.com/dryaf/headless_cms/client/storyblok/client.go:63.2,63.27 1 1
github.com/dryaf/headless_cms/client/storyblok/client.go:66.52,67.35 1 1
github.com/dryaf/headless_cms/client/storyblok/client.go:67.35,69.3 1 0
github.com/dryaf/headless_cms/client/storyblok/client.go:70.2,70.37 1 1
github.com/dryaf/headless_cms/client/storyblok/client.go:74.113,78.61 2 1
github.com/dryaf/headless_cms/client/storyblok/client.go:78.61,80.22 2 1
github.com/dryaf/headless_cms/client/storyblok/client.go:80.22,82.4 1 1
github.com/dryaf/headless_cms/client/storyblok/client.go:82.9,84.4 1 1
github.com/dryaf/headless_cms/client/storyblok/client.go:89.2,91.16 3 1
github.com/dryaf/headless_cms/client/storyblok/client.go:91.16,93.3 1 0
github.com/dryaf/headless_cms/client/storyblok/client.go:94.2,98.16 4 1
github.com/dryaf/headless_cms/client/storyblok/client.go:98.16,100.3 1 1
github.com/dryaf/headless_cms/client/storyblok/client.go:101.2,101.38 1 1
github.com/dryaf/headless_cms/client/storyblok/client.go:101.38,103.3 1 1
github.com/dryaf/headless_cms/client/storyblok/client.go:105.2,107.16 3 1
github.com/dryaf/headless_cms/client/storyblok/client.go:107.16,109.3 1 0
github.com/dryaf/headless_cms/client/storyblok/client.go:112.2,112.61 1 1
github.com/dryaf/headless_cms/client/storyblok/client.go:112.61,114.3 1 1
github.com/dryaf/headless_cms/client/storyblok/client.go:115.2,115.18 1 1
github.com/dryaf/headless_cms/client/storyblok/client.go:118.117,123.61 3 1
github.com/dryaf/headless_cms/client/storyblok/client.go:123.61,125.22 2 1
github.com/dryaf/headless_cms/client/storyblok/client.go:125.22,127.4 1 1
github.com/dryaf/headless_cms/client/storyblok/client.go:127.9,128.18 1 1
github.com/dryaf/headless_cms/client/storyblok/client.go:128.18,130.19 2 1
github.com/dryaf/headless_cms/client/storyblok/client.go:130.19,132.6 1 0
github.com/dryaf/headless_cms/client/storyblok/client.go:132.11,134.6 1 1
github.com/dryaf/headless_cms/client/storyblok/client.go:139.2,140.16 2 1
github.com/dryaf/headless_cms/client/storyblok/client.go:140.16,142.3 1 1
github.com/dryaf/headless_cms/client/storyblok/client.go:144.2,145.16 2 1
github.com/dryaf/headless_cms/client/storyblok/client.go:145.16,147.3 1 1
github.com/dryaf/headless_cms/client/storyblok/client.go:150.2,150.61 1 1
github.com/dryaf/headless_cms/client/storyblok/client.go:150.61,152.17 2 1
github.com/dryaf/headless_cms/client/storyblok/client.go:152.17,154.4 1 0
github.com/dryaf/headless_cms/client/storyblok/client.go:154.9,156.18 2 1
github.com/dryaf/headless_cms/client/storyblok/client.go:156.18,158.5 1 0
github.com/dryaf/headless_cms/client/storyblok/client.go:161.2,161.21 1 1
github.com/dryaf/headless_cms/client/storyblok/client.go:164.146,168.61 2 1
github.com/dryaf/headless_cms/client/storyblok/client.go:168.61,170.22 2 1
github.com/dryaf/headless_cms/client/storyblok/client.go:170.22,172.4 1 1
github.com/dryaf/headless_cms/client/storyblok/client.go:172.9,173.18 1 1
github.com/dryaf/headless_cms/client/storyblok/client.go:173.18,176.19 3 1
github.com/dryaf/headless_cms/client/storyblok/client.go:176.19,178.6 1 0
github.com/dryaf/headless_cms/client/storyblok/client.go:178.11,180.6 1 1
github.com/dryaf/headless_cms/client/storyblok/client.go:186.2,197.16 3 1
github.com/dryaf/headless_cms/client/storyblok/client.go:197.16,199.3 1 0
github.com/dryaf/headless_cms/client/storyblok/client.go:201.2,202.16 2 1
github.com/dryaf/headless_cms/client/storyblok/client.go:202.16,204.3 1 1
github.com/dryaf/headless_cms/client/storyblok/client.go:206.2,207.48 2 1
github.com/dryaf/headless_cms/client/storyblok/client.go:207.48,209.24 2 1
github.com/dryaf/headless_cms/client/storyblok/client.go:209.24,211.4 1 1
github.com/dryaf/headless_cms/client/storyblok/client.go:215.2,215.61 1 1
github.com/dryaf/headless_cms/client/storyblok/client.go:215.61,217.17 2 1
github.com/dryaf/headless_cms/client/storyblok/client.go:217.17,219.4 1 0
github.com/dryaf/headless_cms/client/storyblok/client.go:219.9,221.18 2 1
github.com/dryaf/headless_cms/client/storyblok/client.go:221.18,223.5 1 0
github.com/dryaf/headless_cms/client/storyblok/client.go:226.2,226.18 1 1
github.com/dryaf/headless_cms/client/storyblok/client.go:229.74,231.2 1 1
github.com/dryaf/headless_cms/client/storyblok/client.go:233.70,234.16 1 1
github.com/dryaf/headless_cms/client/storyblok/client.go:234.16,236.3 1 1
github.com/dryaf/headless_cms/client/storyblok/client.go:237.2,237.19 1 1
github.com/dryaf/headless_cms/client/storyblok/client.go:237.19,239.3 1 0
github.com/dryaf/headless_cms/client/storyblok/client.go:240.2,241.20 2 1
github.com/dryaf/headless_cms/client/storyblok/client.go:241.20,243.3 1 1
github.com/dryaf/headless_cms/client/storyblok/client.go:244.2,244.19 1 1
